2025-04-29 00:34:52 - INFO - Starting roberta-base on mrpc, full
2025-04-29 00:34:52 - INFO - Config: num_epochs: 10, learning rate: 0.0001, batch size 32, max_seq_len 512
2025-04-29 00:34:56 - INFO - Number of trainable parameters: 124647170
2025-04-29 00:34:56 - INFO - Percentage of trainable parameters: 100.0000%
2025-04-29 00:34:57 - INFO - running on cuda
2025-04-29 00:35:06 - INFO - Created dataloaders
2025-04-29 00:36:13 - INFO - Model saved to /content/drive/MyDrive/sp25/lora-cs4782/results//full_roberta-base-e0-mrpc.pth
2025-04-29 00:36:18 - INFO - 
epoch 0
training loss: 0.5641
val loss: 0.4572
2025-04-29 00:36:18 - INFO - val metrics: {'accuracy': 0.7205882352941176}

2025-04-29 00:37:26 - INFO - 
epoch 1
training loss: 0.4385
val loss: 0.5142
2025-04-29 00:37:26 - INFO - val metrics: {'accuracy': 0.8186274509803921}

2025-04-29 00:38:35 - INFO - 
epoch 2
training loss: 0.3260
val loss: 0.3755
2025-04-29 00:38:35 - INFO - val metrics: {'accuracy': 0.8455882352941176}

2025-04-29 00:39:43 - INFO - 
epoch 3
training loss: 0.2272
val loss: 0.3937
2025-04-29 00:39:43 - INFO - val metrics: {'accuracy': 0.8455882352941176}

2025-04-29 00:40:52 - INFO - 
epoch 4
training loss: 0.1971
val loss: 0.3858
2025-04-29 00:40:52 - INFO - val metrics: {'accuracy': 0.8480392156862745}

2025-04-29 00:42:00 - INFO - 
epoch 5
training loss: 0.1877
val loss: 0.5961
2025-04-29 00:42:00 - INFO - val metrics: {'accuracy': 0.8308823529411765}

2025-04-29 00:43:09 - INFO - 
epoch 6
training loss: 0.1190
val loss: 0.4733
2025-04-29 00:43:09 - INFO - val metrics: {'accuracy': 0.8112745098039216}

2025-04-29 00:44:17 - INFO - 
epoch 7
training loss: 0.0989
val loss: 0.5574
2025-04-29 00:44:17 - INFO - val metrics: {'accuracy': 0.8382352941176471}

2025-04-29 00:45:26 - INFO - 
epoch 8
training loss: 0.1290
val loss: 0.6477
2025-04-29 00:45:26 - INFO - val metrics: {'accuracy': 0.8235294117647058}

2025-04-29 00:46:33 - INFO - Model saved to /content/drive/MyDrive/sp25/lora-cs4782/results//full_roberta-base-e9-mrpc.pth
2025-04-29 00:46:38 - INFO - 
epoch 9
training loss: 0.0881
val loss: 0.7011
2025-04-29 00:46:38 - INFO - val metrics: {'accuracy': 0.8382352941176471}

