2025-04-29 02:43:26 - INFO - Starting roberta-base on mrpc, lora
2025-04-29 02:43:26 - INFO - Config: num_epochs: 10, learning rate: 0.0001, batch size 32, max_seq_len 512
2025-04-29 02:43:35 - WARNING - Xet Storage is enabled for this repo, but the 'hf_xet' package is not installed. Falling back to regular HTTP download. For better performance, install the package with: `pip install huggingface_hub[hf_xet]` or `pip install hf_xet`
2025-04-29 02:43:37 - INFO - Applying LoRA with r=16, alpha=8
2025-04-29 02:43:37 - INFO - Number of trainable parameters: 589824
2025-04-29 02:43:37 - INFO - Percentage of trainable parameters: 0.4710%
2025-04-29 02:43:38 - INFO - running on cuda
2025-04-29 02:43:49 - INFO - Created dataloaders
2025-04-29 02:44:39 - INFO - Model saved to /content/drive/MyDrive/sp25/lora-cs4782/results/lora_roberta-base-e0-mrpc.pth
2025-04-29 02:44:41 - INFO - 
epoch 0
training loss: 0.6514
val loss: 0.6253
2025-04-29 02:44:41 - INFO - val metrics: {'accuracy': 0.6838235294117647}

2025-04-29 02:45:32 - INFO - 
epoch 1
training loss: 0.6235
val loss: 0.5864
2025-04-29 02:45:32 - INFO - val metrics: {'accuracy': 0.6838235294117647}

2025-04-29 02:46:22 - INFO - 
epoch 2
training loss: 0.6001
val loss: 0.5673
2025-04-29 02:46:22 - INFO - val metrics: {'accuracy': 0.6838235294117647}

2025-04-29 02:47:13 - INFO - 
epoch 3
training loss: 0.5877
val loss: 0.5325
2025-04-29 02:47:13 - INFO - val metrics: {'accuracy': 0.6838235294117647}

2025-04-29 02:48:03 - INFO - 
epoch 4
training loss: 0.5669
val loss: 0.5236
2025-04-29 02:48:03 - INFO - val metrics: {'accuracy': 0.6838235294117647}

2025-04-29 02:48:53 - INFO - 
epoch 5
training loss: 0.5491
val loss: 0.5153
2025-04-29 02:48:53 - INFO - val metrics: {'accuracy': 0.6838235294117647}

2025-04-29 02:49:44 - INFO - 
epoch 6
training loss: 0.5331
val loss: 0.5029
2025-04-29 02:49:44 - INFO - val metrics: {'accuracy': 0.6838235294117647}

2025-04-29 02:50:34 - INFO - 
epoch 7
training loss: 0.5252
val loss: 0.4892
2025-04-29 02:50:34 - INFO - val metrics: {'accuracy': 0.6985294117647058}

2025-04-29 02:51:25 - INFO - 
epoch 8
training loss: 0.5099
val loss: 0.4926
2025-04-29 02:51:25 - INFO - val metrics: {'accuracy': 0.7009803921568627}

2025-04-29 02:52:14 - INFO - Model saved to /content/drive/MyDrive/sp25/lora-cs4782/results/lora_roberta-base-e9-mrpc.pth
2025-04-29 02:52:16 - INFO - 
epoch 9
training loss: 0.4953
val loss: 0.4835
2025-04-29 02:52:16 - INFO - val metrics: {'accuracy': 0.7230392156862745}

