2025-04-29 00:19:44 - INFO - Starting roberta-base on mrpc, lora
2025-04-29 00:19:44 - INFO - Config: num_epochs: 10, learning rate: 0.0001, batch size 32, max_seq_len 512
2025-04-29 00:19:49 - WARNING - Xet Storage is enabled for this repo, but the 'hf_xet' package is not installed. Falling back to regular HTTP download. For better performance, install the package with: `pip install huggingface_hub[hf_xet]` or `pip install hf_xet`
2025-04-29 00:19:52 - INFO - Applying LoRA with r=8, alpha=8
2025-04-29 00:19:52 - INFO - Number of trainable parameters: 294912
2025-04-29 00:19:52 - INFO - Percentage of trainable parameters: 0.2360%
2025-04-29 00:19:52 - INFO - running on cuda
2025-04-29 00:20:03 - INFO - Created dataloaders
2025-04-29 00:20:53 - INFO - Model saved to /content/drive/MyDrive/sp25/lora-cs4782/results//lora_roberta-base-e0-mrpc.pth
2025-04-29 00:20:55 - INFO - 
epoch 0
training loss: 0.6406
val loss: 0.6063
2025-04-29 00:20:55 - INFO - val metrics: {'accuracy': 0.6838235294117647}

2025-04-29 00:21:45 - INFO - 
epoch 1
training loss: 0.6093
val loss: 0.5654
2025-04-29 00:21:45 - INFO - val metrics: {'accuracy': 0.6838235294117647}

2025-04-29 00:22:36 - INFO - 
epoch 2
training loss: 0.5867
val loss: 0.5419
2025-04-29 00:22:36 - INFO - val metrics: {'accuracy': 0.6911764705882353}

2025-04-29 00:23:26 - INFO - 
epoch 3
training loss: 0.5570
val loss: 0.5438
2025-04-29 00:23:26 - INFO - val metrics: {'accuracy': 0.6911764705882353}

2025-04-29 00:24:16 - INFO - 
epoch 4
training loss: 0.5292
val loss: 0.5095
2025-04-29 00:24:16 - INFO - val metrics: {'accuracy': 0.6936274509803921}

2025-04-29 00:25:07 - INFO - 
epoch 5
training loss: 0.5081
val loss: 0.4655
2025-04-29 00:25:07 - INFO - val metrics: {'accuracy': 0.6985294117647058}

2025-04-29 00:25:57 - INFO - 
epoch 6
training loss: 0.4819
val loss: 0.4453
2025-04-29 00:25:57 - INFO - val metrics: {'accuracy': 0.6985294117647058}

2025-04-29 00:26:47 - INFO - 
epoch 7
training loss: 0.4738
val loss: 0.4441
2025-04-29 00:26:47 - INFO - val metrics: {'accuracy': 0.7009803921568627}

2025-04-29 00:27:38 - INFO - 
epoch 8
training loss: 0.4559
val loss: 0.4440
2025-04-29 00:27:38 - INFO - val metrics: {'accuracy': 0.7058823529411765}

2025-04-29 00:28:27 - INFO - Model saved to /content/drive/MyDrive/sp25/lora-cs4782/results//lora_roberta-base-e9-mrpc.pth
2025-04-29 00:28:29 - INFO - 
epoch 9
training loss: 0.4474
val loss: 0.4358
2025-04-29 00:28:29 - INFO - val metrics: {'accuracy': 0.7156862745098039}

