2025-04-30 00:31:55 - INFO - Starting microsoft/deberta-v2-xlarge on sst2, lora
2025-04-30 00:31:55 - INFO - Config: num_epochs: 3, learning rate: 8e-06, batch size 16, max_seq_len 128
2025-04-30 00:32:01 - INFO - Applying LoRA with r=8, alpha=8
2025-04-30 00:32:01 - INFO - Number of trainable parameters: 1179648
2025-04-30 00:32:01 - INFO - Percentage of trainable parameters: 0.1328%
2025-04-30 00:32:03 - INFO - running on cuda
2025-04-30 00:32:24 - INFO - Created dataloaders
2025-04-30 01:05:33 - INFO - Model saved to /content/drive/MyDrive/sp25/lora-cs4782/results/deberta-sst2/lora_deberta-v2-xlarge-e0-sst2.pth
2025-04-30 01:05:45 - INFO - 
epoch 0
training loss: 0.6693
val loss: 0.5381
2025-04-30 01:05:45 - INFO - val metrics: {'accuracy': 0.8038990825688074}

2025-04-30 01:38:50 - INFO - Model saved to /content/drive/MyDrive/sp25/lora-cs4782/results/deberta-sst2/lora_deberta-v2-xlarge-e1-sst2.pth
2025-04-30 01:39:02 - INFO - 
epoch 1
training loss: 0.5805
val loss: 0.3375
2025-04-30 01:39:02 - INFO - val metrics: {'accuracy': 0.9254587155963303}

2025-04-30 02:12:07 - INFO - Model saved to /content/drive/MyDrive/sp25/lora-cs4782/results/deberta-sst2/lora_deberta-v2-xlarge-e2-sst2.pth
2025-04-30 02:12:19 - INFO - 
epoch 2
training loss: 0.5018
val loss: 0.2446
2025-04-30 02:12:19 - INFO - val metrics: {'accuracy': 0.9334862385321101}

