2025-04-28 18:05:11 - INFO - Starting roberta-base on rte, lora
2025-04-28 18:05:11 - INFO - Config: num_epochs: 10, learning rate: 0.0001, batch size 32, max_seq_len 512
2025-04-28 18:05:20 - WARNING - Xet Storage is enabled for this repo, but the 'hf_xet' package is not installed. Falling back to regular HTTP download. For better performance, install the package with: `pip install huggingface_hub[hf_xet]` or `pip install hf_xet`
2025-04-28 18:05:22 - INFO - Applying LoRA with r=8, alpha=8
2025-04-28 18:05:22 - INFO - Number of trainable parameters: 294912
2025-04-28 18:05:22 - INFO - Percentage of trainable parameters: 0.2360%
2025-04-28 18:05:22 - INFO - running on cuda
2025-04-28 18:05:44 - INFO - Created dataloaders
2025-04-28 18:06:18 - INFO - Model saved to /content/drive/MyDrive/sp25/lora-cs4782/results//roberta-base-e0-rte.pth
2025-04-28 18:06:20 - INFO - 
epoch 0
training loss: 0.7026
val loss: 0.7068
2025-04-28 18:06:20 - INFO - val metrics: {'accuracy': 0.4729241877256318}

2025-04-28 18:06:53 - INFO - Model saved to /content/drive/MyDrive/sp25/lora-cs4782/results//roberta-base-e1-rte.pth
2025-04-28 18:06:55 - INFO - 
epoch 1
training loss: 0.6988
val loss: 0.7000
2025-04-28 18:06:55 - INFO - val metrics: {'accuracy': 0.4729241877256318}

2025-04-28 18:07:29 - INFO - Model saved to /content/drive/MyDrive/sp25/lora-cs4782/results//roberta-base-e2-rte.pth
2025-04-28 18:07:30 - INFO - 
epoch 2
training loss: 0.6963
val loss: 0.6938
2025-04-28 18:07:30 - INFO - val metrics: {'accuracy': 0.48375451263537905}

2025-04-28 18:08:04 - INFO - Model saved to /content/drive/MyDrive/sp25/lora-cs4782/results//roberta-base-e3-rte.pth
2025-04-28 18:08:06 - INFO - 
epoch 3
training loss: 0.6863
val loss: 0.6873
2025-04-28 18:08:06 - INFO - val metrics: {'accuracy': 0.5451263537906137}

2025-04-28 18:08:39 - INFO - Model saved to /content/drive/MyDrive/sp25/lora-cs4782/results//roberta-base-e4-rte.pth
2025-04-28 18:08:41 - INFO - 
epoch 4
training loss: 0.6799
val loss: 0.6766
2025-04-28 18:08:41 - INFO - val metrics: {'accuracy': 0.6137184115523465}

2025-04-28 18:09:14 - INFO - Model saved to /content/drive/MyDrive/sp25/lora-cs4782/results//roberta-base-e5-rte.pth
2025-04-28 18:09:16 - INFO - 
epoch 5
training loss: 0.6664
val loss: 0.6672
2025-04-28 18:09:16 - INFO - val metrics: {'accuracy': 0.6353790613718412}

2025-04-28 18:09:49 - INFO - Model saved to /content/drive/MyDrive/sp25/lora-cs4782/results//roberta-base-e6-rte.pth
2025-04-28 18:09:51 - INFO - 
epoch 6
training loss: 0.6506
val loss: 0.6619
2025-04-28 18:09:51 - INFO - val metrics: {'accuracy': 0.6209386281588448}

2025-04-28 18:10:25 - INFO - Model saved to /content/drive/MyDrive/sp25/lora-cs4782/results//roberta-base-e7-rte.pth
2025-04-28 18:10:26 - INFO - 
epoch 7
training loss: 0.6339
val loss: 0.6580
2025-04-28 18:10:26 - INFO - val metrics: {'accuracy': 0.6137184115523465}

2025-04-28 18:11:00 - INFO - Model saved to /content/drive/MyDrive/sp25/lora-cs4782/results//roberta-base-e8-rte.pth
2025-04-28 18:11:02 - INFO - 
epoch 8
training loss: 0.6207
val loss: 0.6508
2025-04-28 18:11:02 - INFO - val metrics: {'accuracy': 0.6245487364620939}

2025-04-28 18:11:35 - INFO - Model saved to /content/drive/MyDrive/sp25/lora-cs4782/results//roberta-base-e9-rte.pth
2025-04-28 18:11:37 - INFO - 
epoch 9
training loss: 0.6072
val loss: 0.6405
2025-04-28 18:11:37 - INFO - val metrics: {'accuracy': 0.6498194945848376}

