2025-04-29 14:25:21 - INFO - Starting roberta-base on rte, lora
2025-04-29 14:25:21 - INFO - Config: num_epochs: 10, learning rate: 1e-05, batch size 32, max_seq_len 512
2025-04-29 14:25:26 - INFO - Applying LoRA with r=8, alpha=8
2025-04-29 14:25:26 - INFO - Number of trainable parameters: 294912
2025-04-29 14:25:26 - INFO - Percentage of trainable parameters: 0.2360%
2025-04-29 14:25:26 - INFO - running on cuda
2025-04-29 14:25:44 - INFO - Created dataloaders
2025-04-29 14:26:58 - INFO - Model saved to /content/drive/MyDrive/sp25/lora-cs4782/results/rte-1e-5/lora_roberta-base-e0-rte.pth
2025-04-29 14:27:01 - INFO - 
epoch 0
training loss: 0.7004
val loss: 0.6917
2025-04-29 14:27:01 - INFO - val metrics: {'accuracy': 0.5270758122743683}

2025-04-29 14:28:18 - INFO - 
epoch 1
training loss: 0.6958
val loss: 0.6917
2025-04-29 14:28:18 - INFO - val metrics: {'accuracy': 0.5270758122743683}

2025-04-29 14:29:34 - INFO - 
epoch 2
training loss: 0.6974
val loss: 0.6916
2025-04-29 14:29:34 - INFO - val metrics: {'accuracy': 0.5270758122743683}

2025-04-29 14:30:51 - INFO - 
epoch 3
training loss: 0.6952
val loss: 0.6916
2025-04-29 14:30:51 - INFO - val metrics: {'accuracy': 0.5270758122743683}

2025-04-29 14:32:07 - INFO - 
epoch 4
training loss: 0.6972
val loss: 0.6916
2025-04-29 14:32:07 - INFO - val metrics: {'accuracy': 0.5270758122743683}

2025-04-29 14:33:23 - INFO - 
epoch 5
training loss: 0.6955
val loss: 0.6915
2025-04-29 14:33:23 - INFO - val metrics: {'accuracy': 0.5270758122743683}

2025-04-29 14:34:40 - INFO - 
epoch 6
training loss: 0.6982
val loss: 0.6915
2025-04-29 14:34:40 - INFO - val metrics: {'accuracy': 0.5270758122743683}

2025-04-29 14:35:56 - INFO - 
epoch 7
training loss: 0.6967
val loss: 0.6915
2025-04-29 14:35:56 - INFO - val metrics: {'accuracy': 0.5270758122743683}

2025-04-29 14:37:12 - INFO - 
epoch 8
training loss: 0.6968
val loss: 0.6915
2025-04-29 14:37:12 - INFO - val metrics: {'accuracy': 0.5270758122743683}

2025-04-29 14:38:26 - INFO - Model saved to /content/drive/MyDrive/sp25/lora-cs4782/results/rte-1e-5/lora_roberta-base-e9-rte.pth
2025-04-29 14:38:30 - INFO - 
epoch 9
training loss: 0.6959
val loss: 0.6915
2025-04-29 14:38:30 - INFO - val metrics: {'accuracy': 0.5270758122743683}

