2025-04-29 20:04:12 - INFO - Starting roberta-base on rte, lora
2025-04-29 20:04:12 - INFO - Config: num_epochs: 10, learning rate: 2e-05, batch size 32, max_seq_len 256
2025-04-29 20:04:17 - INFO - Applying LoRA with r=16, alpha=16
2025-04-29 20:04:17 - INFO - Number of trainable parameters: 589824
2025-04-29 20:04:17 - INFO - Percentage of trainable parameters: 0.4710%
2025-04-29 20:04:17 - INFO - running on cuda
2025-04-29 20:04:33 - INFO - Created dataloaders
2025-04-29 20:04:50 - INFO - Model saved to /content/drive/MyDrive/sp25/lora-cs4782/results/roberta-rte/r16/lora_roberta-base-e0-rte.pth
2025-04-29 20:04:51 - INFO - 
epoch 0
training loss: 0.6969
val loss: 0.6978
2025-04-29 20:04:51 - INFO - val metrics: {'accuracy': 0.4729241877256318}

2025-04-29 20:05:07 - INFO - 
epoch 1
training loss: 0.6947
val loss: 0.6975
2025-04-29 20:05:07 - INFO - val metrics: {'accuracy': 0.4729241877256318}

2025-04-29 20:05:24 - INFO - 
epoch 2
training loss: 0.6942
val loss: 0.6968
2025-04-29 20:05:24 - INFO - val metrics: {'accuracy': 0.4729241877256318}

2025-04-29 20:05:41 - INFO - 
epoch 3
training loss: 0.6936
val loss: 0.6958
2025-04-29 20:05:41 - INFO - val metrics: {'accuracy': 0.4729241877256318}

2025-04-29 20:05:57 - INFO - 
epoch 4
training loss: 0.6932
val loss: 0.6938
2025-04-29 20:05:57 - INFO - val metrics: {'accuracy': 0.4729241877256318}

2025-04-29 20:06:14 - INFO - 
epoch 5
training loss: 0.6904
val loss: 0.6909
2025-04-29 20:06:14 - INFO - val metrics: {'accuracy': 0.516245487364621}

2025-04-29 20:06:30 - INFO - 
epoch 6
training loss: 0.6896
val loss: 0.6873
2025-04-29 20:06:30 - INFO - val metrics: {'accuracy': 0.592057761732852}

2025-04-29 20:06:47 - INFO - 
epoch 7
training loss: 0.6849
val loss: 0.6813
2025-04-29 20:06:47 - INFO - val metrics: {'accuracy': 0.628158844765343}

2025-04-29 20:07:03 - INFO - 
epoch 8
training loss: 0.6791
val loss: 0.6740
2025-04-29 20:07:03 - INFO - val metrics: {'accuracy': 0.6389891696750902}

2025-04-29 20:07:20 - INFO - Model saved to /content/drive/MyDrive/sp25/lora-cs4782/results/roberta-rte/r16/lora_roberta-base-e9-rte.pth
2025-04-29 20:07:21 - INFO - 
epoch 9
training loss: 0.6693
val loss: 0.6615
2025-04-29 20:07:21 - INFO - val metrics: {'accuracy': 0.6462093862815884}

